\BOOKMARK [1][-]{section.1}{Problemstilling}{}% 1
\BOOKMARK [1][-]{section.2}{L\370sningen}{}% 2
\BOOKMARK [1][-]{section.3}{Begrensninger og antagelser}{}% 3
\BOOKMARK [1][-]{section.4}{Ansvarsomr\345de og Avhengigheter}{}% 4
\BOOKMARK [1][-]{section.5}{Funksjoner i applikasjonen}{}% 5
\BOOKMARK [1][-]{section.6}{Begreper og definisjoner}{}% 6
\BOOKMARK [1][-]{section.7}{Brukerklasser}{}% 7
\BOOKMARK [1][-]{section.8}{Personaer}{}% 8
\BOOKMARK [2][-]{subsection.8.1}{J\370rgen Moe}{section.8}% 9
\BOOKMARK [2][-]{subsection.8.2}{Siggurd Olson}{section.8}% 10
\BOOKMARK [2][-]{subsection.8.3}{Karina Gausrud}{section.8}% 11
\BOOKMARK [2][-]{subsection.8.4}{Karin}{section.8}% 12
\BOOKMARK [2][-]{subsection.8.5}{J\370rn Berg}{section.8}% 13
\BOOKMARK [1][-]{section.9}{Funksjonelle krav}{}% 14
\BOOKMARK [2][-]{subsection.9.1}{Kontoopprettelse}{section.9}% 15
\BOOKMARK [2][-]{subsection.9.2}{Innlogging}{section.9}% 16
\BOOKMARK [2][-]{subsection.9.3}{Presentasjon av parkeringsplasser \(Feed\)}{section.9}% 17
\BOOKMARK [2][-]{subsection.9.4}{Leie parkeringsplass}{section.9}% 18
\BOOKMARK [2][-]{subsection.9.5}{Tilbakemelding p\345 innlegg}{section.9}% 19
\BOOKMARK [2][-]{subsection.9.6}{Opprette parkeringsplasser}{section.9}% 20
\BOOKMARK [2][-]{subsection.9.7}{Leie betingeleser}{section.9}% 21
\BOOKMARK [2][-]{subsection.9.8}{Betaling}{section.9}% 22
\BOOKMARK [2][-]{subsection.9.9}{Administrering}{section.9}% 23
\BOOKMARK [2][-]{subsection.9.10}{Persistent data}{section.9}% 24
\BOOKMARK [1][-]{section.10}{Ikke funksjonelle krav}{}% 25
\BOOKMARK [2][-]{subsection.10.1}{Tilgjengelighet}{section.10}% 26
\BOOKMARK [2][-]{subsection.10.2}{Sikkerhetskopi\(Backup\)}{section.10}% 27
\BOOKMARK [2][-]{subsection.10.3}{Dependency p\345 tredjepart}{section.10}% 28
\BOOKMARK [2][-]{subsection.10.4}{Legal and licensing issues}{section.10}% 29
\BOOKMARK [2][-]{subsection.10.5}{Nettverkstopologi}{section.10}% 30
\BOOKMARK [2][-]{subsection.10.6}{Preformance / response time}{section.10}% 31
\BOOKMARK [2][-]{subsection.10.7}{Personvern}{section.10}% 32
\BOOKMARK [2][-]{subsection.10.8}{Kvalitet}{section.10}% 33
\BOOKMARK [2][-]{subsection.10.9}{Sikkerhet}{section.10}% 34
\BOOKMARK [2][-]{subsection.10.10}{Supportability}{section.10}% 35
\BOOKMARK [2][-]{subsection.10.11}{Testability}{section.10}% 36
\BOOKMARK [2][-]{subsection.10.12}{Interface}{section.10}% 37
\BOOKMARK [1][-]{section.11}{Prototype}{}% 38
\BOOKMARK [2][-]{subsection.11.1}{Sammendrag}{section.11}% 39
\BOOKMARK [2][-]{subsection.11.2}{Innstallasjon}{section.11}% 40
\BOOKMARK [2][-]{subsection.11.3}{Bruksmanual}{section.11}% 41
\BOOKMARK [2][-]{subsection.11.4}{Implementerte krav og tester}{section.11}% 42
\BOOKMARK [2][-]{subsection.11.5}{Avhengigheter}{section.11}% 43
\BOOKMARK [2][-]{subsection.11.6}{Begrensninger}{section.11}% 44
\BOOKMARK [1][-]{section.12}{Diagrammer}{}% 45
\BOOKMARK [2][-]{subsection.12.1}{Sekvesndiagram - Leie en parkeringplass.}{section.12}% 46
\BOOKMARK [2][-]{subsection.12.2}{Dataflytdiagram - Tilbakemelding}{section.12}% 47
\BOOKMARK [2][-]{subsection.12.3}{Sekvensdiagram - Opprette reservasjon}{section.12}% 48
\BOOKMARK [2][-]{subsection.12.4}{Tilstandsdiagram - Registrere parkeringsplass}{section.12}% 49
\BOOKMARK [2][-]{subsection.12.5}{Aktivitetsdiagram - Leie en parkeringsplass}{section.12}% 50
\BOOKMARK [2][-]{subsection.12.6}{Sekvensdiagram - Leie ut en parkeringsplass}{section.12}% 51
\BOOKMARK [1][-]{section.13}{Estemering}{}% 52
\BOOKMARK [2][-]{subsection.13.1}{Enheter}{section.13}% 53
\BOOKMARK [2][-]{subsection.13.2}{Estimeringstabell - Funksjonelle krav}{section.13}% 54
\BOOKMARK [2][-]{subsection.13.3}{Estimeringstabell - Ikke funksjonelle krav}{section.13}% 55
